<?xml version="1.0" encoding="UTF-8"?>
<testsuite xmlns:xsi="http://www.w3.org/2001/XMLSchema-instance" xsi:noNamespaceSchemaLocation="https://maven.apache.org/surefire/maven-surefire-plugin/xsd/surefire-test-report.xsd" name="io.github.istarwyh.junit5.provider.JsonFileArgumentsProviderTest" time="1.43" tests="13" errors="0" skipped="0" failures="0">
  <properties>
[...]
</properties>
  <testcase name="should_parse_Map_type_test_case{TestCase}[1]" classname="io.github.istarwyh.junit5.provider.JsonFileArgumentsProviderTest" time="0.056"/>
  <testcase name="should_parse_String_input{String}[1]" classname="io.github.istarwyh.junit5.provider.JsonFileArgumentsProviderTest" time="0.034"/>
  <testcase name="should_parse_People_input{People}[1]" classname="io.github.istarwyh.junit5.provider.JsonFileArgumentsProviderTest" time="0.001"/>
  <testcase name="should_parse_recursionClass_input{RecursionClass}[1]" classname="io.github.istarwyh.junit5.provider.JsonFileArgumentsProviderTest" time="0.003"/>
  <testcase name="should_generate_test_case_json_lack_of_it{TestCase}[1]" classname="io.github.istarwyh.junit5.provider.JsonFileArgumentsProviderTest" time="0.001"/>
  <testcase name="should_parse_Map_type_test_case_with_direct_address{TestCase}[1]" classname="io.github.istarwyh.junit5.provider.JsonFileArgumentsProviderTest" time="0.001"/>
  <testcase name="should_parse_People_type_test_case_with_direct_address{TestCase}[1]" classname="io.github.istarwyh.junit5.provider.JsonFileArgumentsProviderTest" time="0.002"/>
  <testcase name="should_parse_multi_List_with_Integer_type_test_case{TestCase}[1]" classname="io.github.istarwyh.junit5.provider.JsonFileArgumentsProviderTest" time="0.001"/>
  <testcase name="should_parse_multi_List_with_Integer_type_test_case{TestCase}[2]" classname="io.github.istarwyh.junit5.provider.JsonFileArgumentsProviderTest" time="0.001"/>
  <testcase name="should_generate_test_case_json_given_ownClass{TestCase}[1]" classname="io.github.istarwyh.junit5.provider.JsonFileArgumentsProviderTest" time="0.002"/>
  <testcase name="should_show_how_to_parse_multi_args_with_csv{Integer, Integer}[1]" classname="io.github.istarwyh.junit5.provider.JsonFileArgumentsProviderTest" time="0.002"/>
  <testcase name="should_show_how_to_parse_multi_args_with_csv{Integer, Integer}[2]" classname="io.github.istarwyh.junit5.provider.JsonFileArgumentsProviderTest" time="0.001"/>
  <testcase name="setNullIfRecursive" classname="io.github.istarwyh.junit5.provider.JsonFileArgumentsProviderTest" time="0.086"/>
</testsuite>